<?xml version="1.0" encoding="UTF-8"?>
<testsuite name="com.ojcoleman.europa.ConfigurableComponentParamsTest" tests="10" skipped="0" failures="0" errors="0" timestamp="2015-12-08T20:18:23" hostname="hubert" time="0.051">
  <properties/>
  <testcase name="paramsSetValues[0]({&quot;booleanParamTrue&quot;:true,&quot;booleanParamFalse&quot;:false,&quot;intParam&quot;:2,&quot;longParam&quot;:3,&quot;floatParam&quot;:5.7,&quot;doubleParam&quot;:11.13,&quot;stringParam&quot;:&quot;Seventeen, nineteen.&quot;,&quot;customObjectParam&quot;:{&quot;intVal&quot;:21,&quot;stringVal&quot;:&quot;twenty three&quot;},&quot;classParam&quot;:&quot;java.lang.Double&quot;})" classname="com.ojcoleman.europa.ConfigurableComponentParamsTest" time="0.019"/>
  <testcase name="setObjectParamNoGoodConstructor" classname="com.ojcoleman.europa.ConfigurableComponentParamsTest" time="0.001"/>
  <testcase name="paramsDefaults" classname="com.ojcoleman.europa.ConfigurableComponentParamsTest" time="0.001"/>
  <testcase name="paramsMissingRequired[0]({&quot;booleanParamTrue&quot;:true,&quot;booleanParamFalse&quot;:false,&quot;intParam&quot;:2,&quot;longParam&quot;:3,&quot;floatParam&quot;:5.7,&quot;doubleParam&quot;:11.13,&quot;stringParam&quot;:&quot;Seventeen, nineteen.&quot;,&quot;customObjectParam&quot;:{&quot;intVal&quot;:21,&quot;stringVal&quot;:&quot;twenty three&quot;},&quot;classParam&quot;:&quot;java.lang.Double&quot;})" classname="com.ojcoleman.europa.ConfigurableComponentParamsTest" time="0.002"/>
  <testcase name="paramsOptional[0]({&quot;booleanParamTrue&quot;:true,&quot;booleanParamFalse&quot;:false,&quot;intParam&quot;:2,&quot;longParam&quot;:3,&quot;floatParam&quot;:5.7,&quot;doubleParam&quot;:11.13,&quot;stringParam&quot;:&quot;Seventeen, nineteen.&quot;,&quot;customObjectParam&quot;:{&quot;intVal&quot;:21,&quot;stringVal&quot;:&quot;twenty three&quot;},&quot;classParam&quot;:&quot;java.lang.Double&quot;})" classname="com.ojcoleman.europa.ConfigurableComponentParamsTest" time="0.001"/>
  <testcase name="paramsMaxValidation" classname="com.ojcoleman.europa.ConfigurableComponentParamsTest" time="0.002"/>
  <testcase name="paramsMinValidation" classname="com.ojcoleman.europa.ConfigurableComponentParamsTest" time="0.003"/>
  <testcase name="paramsRegexValidation" classname="com.ojcoleman.europa.ConfigurableComponentParamsTest" time="0.001"/>
  <testcase name="paramsSetArrayValues" classname="com.ojcoleman.europa.ConfigurableComponentParamsTest" time="0.002"/>
  <testcase name="paramsDefaultArrayValues" classname="com.ojcoleman.europa.ConfigurableComponentParamsTest" time="0.001"/>
  <system-out><![CDATA[]]></system-out>
  <system-err><![CDATA[[Test worker] ERROR com.ojcoleman.europa.configurable.ConfigurableComponent - Parameter param in component (super)class com.ojcoleman.europa.ConfigurableComponentParamsTest.ParamsCustomObjectNoGoodConstructor is of a Class that has no Constructor taking either a single JsonValue or String argument.
[Test worker] ERROR com.ojcoleman.europa.configurable.ConfigurableComponent - The value given for parameter stringParam in component (super)class com.ojcoleman.europa.ConfigurableComponentParamsTest.ParamsRegexValidation is invalid, it must match the regular expression /(apple|orange|pear|banana)/.
]]></system-err>
</testsuite>
