<?xml version="1.0" encoding="UTF-8"?>
<!-- Generated by org.testng.reporters.JUnitReportReporter -->
<testsuite hostname="hubert" name="com.ojcoleman.europa.ConfigurableComponentSubcomponentsTest" tests="9" failures="0" timestamp="20 Jan 2016 00:26:49 GMT" time="0.072" errors="0">
  <testcase name="subCompWithParams" time="0.001" classname="com.ojcoleman.europa.ConfigurableComponentSubcomponentsTest"/>
  <testcase name="subCompExtendedWithOverriddenParams" time="0.009" classname="com.ojcoleman.europa.ConfigurableComponentSubcomponentsTest"/>
  <testcase name="subCompArrayWithParams" time="0.056" classname="com.ojcoleman.europa.ConfigurableComponentSubcomponentsTest"/>
  <testcase name="subCompExtendedWithParams" time="0.002" classname="com.ojcoleman.europa.ConfigurableComponentSubcomponentsTest"/>
  <testcase name="subCompInvalid" time="0.000" classname="com.ojcoleman.europa.ConfigurableComponentSubcomponentsTest"/>
  <testcase name="subCompSetImpl" time="0.001" classname="com.ojcoleman.europa.ConfigurableComponentSubcomponentsTest"/>
  <testcase name="subCompDefault" time="0.001" classname="com.ojcoleman.europa.ConfigurableComponentSubcomponentsTest"/>
  <testcase name="subCompOptional" time="0.001" classname="com.ojcoleman.europa.ConfigurableComponentSubcomponentsTest"/>
  <testcase name="subCompRequired" time="0.001" classname="com.ojcoleman.europa.ConfigurableComponentSubcomponentsTest"/>
</testsuite> <!-- com.ojcoleman.europa.ConfigurableComponentSubcomponentsTest -->
