<?xml version="1.0" encoding="UTF-8"?>
<!-- Generated by org.testng.reporters.JUnitReportReporter -->
<testsuite hostname="hubert" name="com.ojcoleman.europa.ConfigurableComponentTest" tests="10" failures="0" timestamp="27 Nov 2015 00:23:47 GMT" time="0.041" errors="0">
  <testcase name="paramsDefaults" time="0.002" classname="com.ojcoleman.europa.ConfigurableComponentTest"/>
  <testcase name="setObjectParamNoGoodConstructor" time="0.001" classname="com.ojcoleman.europa.ConfigurableComponentTest"/>
  <testcase name="paramsOptional" time="0.002" classname="com.ojcoleman.europa.ConfigurableComponentTest"/>
  <testcase name="paramsRegexValidation" time="0.001" classname="com.ojcoleman.europa.ConfigurableComponentTest"/>
  <testcase name="paramsMaxValidation" time="0.002" classname="com.ojcoleman.europa.ConfigurableComponentTest"/>
  <testcase name="paramsSetValues" time="0.022" classname="com.ojcoleman.europa.ConfigurableComponentTest"/>
  <testcase name="paramsDefaultArrayValues" time="0.001" classname="com.ojcoleman.europa.ConfigurableComponentTest"/>
  <testcase name="paramsMinValidation" time="0.002" classname="com.ojcoleman.europa.ConfigurableComponentTest"/>
  <testcase name="paramsSetArrayValues" time="0.003" classname="com.ojcoleman.europa.ConfigurableComponentTest"/>
  <testcase name="paramsMissingRequired" time="0.005" classname="com.ojcoleman.europa.ConfigurableComponentTest"/>
</testsuite> <!-- com.ojcoleman.europa.ConfigurableComponentTest -->
