<?xml version="1.0" encoding="UTF-8"?>
<!-- Generated by org.testng.reporters.JUnitReportReporter -->
<testsuite hostname="hubert" name="com.ojcoleman.europa.ConfigurableTestSetConfigurable" tests="5" failures="0" timestamp="30 Jan 2016 04:53:19 GMT" time="0.093" errors="0">
  <testcase name="testConfigurableParams" time="0.002" classname="com.ojcoleman.europa.ConfigurableTestSetConfigurable"/>
  <testcase name="missingJsonObjectConstructor" time="0.001" classname="com.ojcoleman.europa.ConfigurableTestSetConfigurable"/>
  <testcase name="newPrototypeInstanceWithInvalidParams" time="0.001" classname="com.ojcoleman.europa.ConfigurableTestSetConfigurable"/>
  <testcase name="newPrototypeInstanceWithParams" time="0.001" classname="com.ojcoleman.europa.ConfigurableTestSetConfigurable"/>
  <testcase name="getSingleton" time="0.088" classname="com.ojcoleman.europa.ConfigurableTestSetConfigurable"/>
</testsuite> <!-- com.ojcoleman.europa.ConfigurableTestSetConfigurable -->
