<?xml version="1.0" encoding="UTF-8"?>
<!-- Generated by org.testng.reporters.JUnitReportReporter -->
<testsuite hostname="hubert" name="com.ojcoleman.europa.ConfigurableTestSetParams" tests="10" failures="0" timestamp="30 Jan 2016 04:42:33 GMT" time="0.132" errors="0">
  <testcase name="setObjectParamNoGoodConstructor" time="0.001" classname="com.ojcoleman.europa.ConfigurableTestSetParams"/>
  <testcase name="paramsMissingRequired" time="0.010" classname="com.ojcoleman.europa.ConfigurableTestSetParams"/>
  <testcase name="paramsSetValues" time="0.103" classname="com.ojcoleman.europa.ConfigurableTestSetParams"/>
  <testcase name="paramsDefaults" time="0.003" classname="com.ojcoleman.europa.ConfigurableTestSetParams"/>
  <testcase name="paramsOptional" time="0.002" classname="com.ojcoleman.europa.ConfigurableTestSetParams"/>
  <testcase name="paramsSetArrayValues" time="0.004" classname="com.ojcoleman.europa.ConfigurableTestSetParams"/>
  <testcase name="paramsRegexValidation" time="0.001" classname="com.ojcoleman.europa.ConfigurableTestSetParams"/>
  <testcase name="paramsDefaultArrayValues" time="0.002" classname="com.ojcoleman.europa.ConfigurableTestSetParams"/>
  <testcase name="paramsMinValidation" time="0.003" classname="com.ojcoleman.europa.ConfigurableTestSetParams"/>
  <testcase name="paramsMaxValidation" time="0.003" classname="com.ojcoleman.europa.ConfigurableTestSetParams"/>
</testsuite> <!-- com.ojcoleman.europa.ConfigurableTestSetParams -->
