<?xml version="1.0" encoding="UTF-8"?>
<!-- Generated by org.testng.reporters.JUnitReportReporter -->
<testsuite hostname="hubert" name="com.ojcoleman.europa.ConfigurableTestSetConfigurable" tests="5" failures="0" timestamp="19 Jan 2016 22:52:01 GMT" time="0.077" errors="0">
  <testcase name="newPrototypeInstanceWithParams" time="0.001" classname="com.ojcoleman.europa.ConfigurableTestSetConfigurable"/>
  <testcase name="newPrototypeInstanceWithInvalidParams" time="0.001" classname="com.ojcoleman.europa.ConfigurableTestSetConfigurable"/>
  <testcase name="missingJsonObjectConstructor" time="0.001" classname="com.ojcoleman.europa.ConfigurableTestSetConfigurable"/>
  <testcase name="getSingleton" time="0.073" classname="com.ojcoleman.europa.ConfigurableTestSetConfigurable"/>
  <testcase name="testConfigurableParams" time="0.001" classname="com.ojcoleman.europa.ConfigurableTestSetConfigurable"/>
</testsuite> <!-- com.ojcoleman.europa.ConfigurableTestSetConfigurable -->
