<?xml version="1.0" encoding="UTF-8"?>
<!-- Generated by org.testng.reporters.JUnitReportReporter -->
<testsuite hostname="hubert" name="com.ojcoleman.europa.ConfigurableTestSetConfigurable" tests="5" failures="0" timestamp="27 Mar 2016 06:45:57 GMT" time="0.081" errors="0">
  <testcase name="newPrototypeInstanceWithInvalidParams" time="0.005" classname="com.ojcoleman.europa.ConfigurableTestSetConfigurable"/>
  <testcase name="newPrototypeInstanceWithParams" time="0.002" classname="com.ojcoleman.europa.ConfigurableTestSetConfigurable"/>
  <testcase name="missingJsonObjectConstructor" time="0.001" classname="com.ojcoleman.europa.ConfigurableTestSetConfigurable"/>
  <testcase name="getSingleton" time="0.072" classname="com.ojcoleman.europa.ConfigurableTestSetConfigurable"/>
  <testcase name="testConfigurableParams" time="0.001" classname="com.ojcoleman.europa.ConfigurableTestSetConfigurable"/>
</testsuite> <!-- com.ojcoleman.europa.ConfigurableTestSetConfigurable -->
