<?xml version="1.0" encoding="UTF-8"?>
<!-- Generated by org.testng.reporters.JUnitReportReporter -->
<testsuite hostname="hubert" name="com.ojcoleman.europa.ConfigurableComponentParamsTest" tests="10" failures="0" timestamp="6 Dec 2015 03:58:47 GMT" time="0.063" errors="0">
  <testcase name="paramsSetValues" time="0.033" classname="com.ojcoleman.europa.ConfigurableComponentParamsTest"/>
  <testcase name="paramsRegexValidation" time="0.002" classname="com.ojcoleman.europa.ConfigurableComponentParamsTest"/>
  <testcase name="paramsSetArrayValues" time="0.003" classname="com.ojcoleman.europa.ConfigurableComponentParamsTest"/>
  <testcase name="paramsMaxValidation" time="0.004" classname="com.ojcoleman.europa.ConfigurableComponentParamsTest"/>
  <testcase name="paramsMinValidation" time="0.003" classname="com.ojcoleman.europa.ConfigurableComponentParamsTest"/>
  <testcase name="paramsDefaults" time="0.003" classname="com.ojcoleman.europa.ConfigurableComponentParamsTest"/>
  <testcase name="paramsDefaultArrayValues" time="0.003" classname="com.ojcoleman.europa.ConfigurableComponentParamsTest"/>
  <testcase name="setObjectParamNoGoodConstructor" time="0.001" classname="com.ojcoleman.europa.ConfigurableComponentParamsTest"/>
  <testcase name="paramsOptional" time="0.003" classname="com.ojcoleman.europa.ConfigurableComponentParamsTest"/>
  <testcase name="paramsMissingRequired" time="0.008" classname="com.ojcoleman.europa.ConfigurableComponentParamsTest"/>
</testsuite> <!-- com.ojcoleman.europa.ConfigurableComponentParamsTest -->
