<?xml version="1.0" encoding="UTF-8"?>
<!-- Generated by org.testng.reporters.JUnitReportReporter -->
<testsuite hostname="hubert" name="com.ojcoleman.europa.ConfigurableComponentSubcomponentsTest" tests="7" failures="0" timestamp="27 Mar 2016 06:46:28 GMT" time="0.070" errors="0">
  <testcase name="subCompInvalid" time="0.001" classname="com.ojcoleman.europa.ConfigurableComponentSubcomponentsTest"/>
  <testcase name="subCompWithParams" time="0.001" classname="com.ojcoleman.europa.ConfigurableComponentSubcomponentsTest"/>
  <testcase name="subCompDefault" time="0.000" classname="com.ojcoleman.europa.ConfigurableComponentSubcomponentsTest"/>
  <testcase name="subCompArrayWithParams" time="0.066" classname="com.ojcoleman.europa.ConfigurableComponentSubcomponentsTest"/>
  <testcase name="subCompSetImpl" time="0.001" classname="com.ojcoleman.europa.ConfigurableComponentSubcomponentsTest"/>
  <testcase name="subCompOptional" time="0.001" classname="com.ojcoleman.europa.ConfigurableComponentSubcomponentsTest"/>
  <testcase name="subCompRequired" time="0.000" classname="com.ojcoleman.europa.ConfigurableComponentSubcomponentsTest"/>
</testsuite> <!-- com.ojcoleman.europa.ConfigurableComponentSubcomponentsTest -->
