<?xml version="1.0" encoding="UTF-8"?>
<!-- Generated by org.testng.reporters.JUnitReportReporter -->
<testsuite hostname="hubert" name="com.ojcoleman.europa.ConfigurableComponentSubcomponentsTest" tests="9" failures="0" timestamp="6 Dec 2015 03:58:36 GMT" time="0.061" errors="0">
  <testcase name="subCompRequired" time="0.000" classname="com.ojcoleman.europa.ConfigurableComponentSubcomponentsTest"/>
  <testcase name="subCompExtendedWithOverriddenParams" time="0.006" classname="com.ojcoleman.europa.ConfigurableComponentSubcomponentsTest"/>
  <testcase name="subCompArrayWithParams" time="0.047" classname="com.ojcoleman.europa.ConfigurableComponentSubcomponentsTest"/>
  <testcase name="subCompSetImpl" time="0.001" classname="com.ojcoleman.europa.ConfigurableComponentSubcomponentsTest"/>
  <testcase name="subCompExtendedWithParams" time="0.002" classname="com.ojcoleman.europa.ConfigurableComponentSubcomponentsTest"/>
  <testcase name="subCompWithParams" time="0.002" classname="com.ojcoleman.europa.ConfigurableComponentSubcomponentsTest"/>
  <testcase name="subCompInvalid" time="0.001" classname="com.ojcoleman.europa.ConfigurableComponentSubcomponentsTest"/>
  <testcase name="subCompOptional" time="0.001" classname="com.ojcoleman.europa.ConfigurableComponentSubcomponentsTest"/>
  <testcase name="subCompDefault" time="0.001" classname="com.ojcoleman.europa.ConfigurableComponentSubcomponentsTest"/>
</testsuite> <!-- com.ojcoleman.europa.ConfigurableComponentSubcomponentsTest -->
